                                 Started job on |	Mar 21 11:00:40
                             Started mapping on |	Mar 21 11:00:44
                                    Finished on |	Mar 21 11:02:26
       Mapping speed, Million of reads per hour |	309.57

                          Number of input reads |	8771045
                      Average input read length |	120
                                    UNIQUE READS:
                   Uniquely mapped reads number |	7994774
                        Uniquely mapped reads % |	91.15%
                          Average mapped length |	122.47
                       Number of splices: Total |	8769
            Number of splices: Annotated (sjdb) |	5513
                       Number of splices: GT/AG |	2361
                       Number of splices: GC/AG |	70
                       Number of splices: AT/AC |	16
               Number of splices: Non-canonical |	6322
                      Mismatch rate per base, % |	0.13%
                         Deletion rate per base |	0.00%
                        Deletion average length |	1.86
                        Insertion rate per base |	0.00%
                       Insertion average length |	1.57
                             MULTI-MAPPING READS:
        Number of reads mapped to multiple loci |	621444
             % of reads mapped to multiple loci |	7.09%
        Number of reads mapped to too many loci |	52
             % of reads mapped to too many loci |	0.00%
                                  UNMAPPED READS:
       % of reads unmapped: too many mismatches |	0.00%
                 % of reads unmapped: too short |	1.76%
                     % of reads unmapped: other |	0.00%
                                  CHIMERIC READS:
                       Number of chimeric reads |	0
                            % of chimeric reads |	0.00%
