                                 Started job on |	Mar 21 10:17:10
                             Started mapping on |	Mar 21 10:18:47
                                    Finished on |	Mar 21 10:24:48
       Mapping speed, Million of reads per hour |	172.48

                          Number of input reads |	17295535
                      Average input read length |	142
                                    UNIQUE READS:
                   Uniquely mapped reads number |	16219648
                        Uniquely mapped reads % |	93.78%
                          Average mapped length |	142.13
                       Number of splices: Total |	424347
            Number of splices: Annotated (sjdb) |	388219
                       Number of splices: GT/AG |	419511
                       Number of splices: GC/AG |	227
                       Number of splices: AT/AC |	49
               Number of splices: Non-canonical |	4560
                      Mismatch rate per base, % |	0.51%
                         Deletion rate per base |	0.01%
                        Deletion average length |	1.59
                        Insertion rate per base |	0.00%
                       Insertion average length |	1.67
                             MULTI-MAPPING READS:
        Number of reads mapped to multiple loci |	492487
             % of reads mapped to multiple loci |	2.85%
        Number of reads mapped to too many loci |	4218
             % of reads mapped to too many loci |	0.02%
                                  UNMAPPED READS:
       % of reads unmapped: too many mismatches |	0.00%
                 % of reads unmapped: too short |	3.35%
                     % of reads unmapped: other |	0.00%
                                  CHIMERIC READS:
                       Number of chimeric reads |	0
                            % of chimeric reads |	0.00%
