                                 Started job on |	Mar 21 11:00:39
                             Started mapping on |	Mar 21 11:00:59
                                    Finished on |	Mar 21 11:03:19
       Mapping speed, Million of reads per hour |	276.19

                          Number of input reads |	10740785
                      Average input read length |	87
                                    UNIQUE READS:
                   Uniquely mapped reads number |	10332221
                        Uniquely mapped reads % |	96.20%
                          Average mapped length |	86.89
                       Number of splices: Total |	6754
            Number of splices: Annotated (sjdb) |	3504
                       Number of splices: GT/AG |	4286
                       Number of splices: GC/AG |	58
                       Number of splices: AT/AC |	14
               Number of splices: Non-canonical |	2396
                      Mismatch rate per base, % |	0.12%
                         Deletion rate per base |	0.00%
                        Deletion average length |	1.47
                        Insertion rate per base |	0.00%
                       Insertion average length |	1.48
                             MULTI-MAPPING READS:
        Number of reads mapped to multiple loci |	164874
             % of reads mapped to multiple loci |	1.54%
        Number of reads mapped to too many loci |	211
             % of reads mapped to too many loci |	0.00%
                                  UNMAPPED READS:
       % of reads unmapped: too many mismatches |	0.00%
                 % of reads unmapped: too short |	2.27%
                     % of reads unmapped: other |	0.00%
                                  CHIMERIC READS:
                       Number of chimeric reads |	0
                            % of chimeric reads |	0.00%
